[ 2016-12-02T20:22:15+08:00 ] 0.0.0.0 /
INFO: [ app_begin ] --START--
INFO: ReadHtmlCache Behavior ::run [ RunTime:0.016522s ]
INFO: [ app_begin ] --END-- [ RunTime:0.016640s ]
NOTIC: [2048] Declaration of SettingModel::fetchAll() should be compatible with that of CommonModel::fetchAll() D:\WWW_yannew\Baocms\Lib\Model\SettingModel.class.php 第 10 行.
NOTIC: [2048] Declaration of SettingModel::save() should be compatible with that of Model::save() D:\WWW_yannew\Baocms\Lib\Model\SettingModel.class.php 第 10 行.
SQL: SHOW COLUMNS FROM `yanan_setting` [ RunTime:0.024765s ]
SQL: SELECT * FROM `yanan_setting`  [ RunTime:0.000305s ]
SQL: SHOW COLUMNS FROM `yanan_city` [ RunTime:0.041206s ]
SQL: SELECT * FROM `yanan_city` ORDER BY `orderby` asc  [ RunTime:0.000291s ]
NOTIC: [8] Undefined variable: str D:\WWW_yannew\ThinkPHP\Extend\Library\ORG\Crypt\Base64.class.php 第 69 行.
NOTIC: 建议使用I方法替代_get
SQL: SHOW COLUMNS FROM `yanan_shop_cate` [ RunTime:0.024338s ]
SQL: SELECT * FROM `yanan_shop_cate` ORDER BY `orderby` asc  [ RunTime:0.000649s ]
SQL: SHOW COLUMNS FROM `yanan_tuan_cate` [ RunTime:0.033466s ]
SQL: SELECT * FROM `yanan_tuan_cate` ORDER BY `orderby` asc  [ RunTime:0.000532s ]
SQL: SHOW COLUMNS FROM `yanan_area` [ RunTime:0.022516s ]
SQL: SELECT * FROM `yanan_area` ORDER BY `orderby` asc  [ RunTime:0.000235s ]
SQL: SHOW COLUMNS FROM `yanan_business` [ RunTime:0.026151s ]
SQL: SELECT * FROM `yanan_business` ORDER BY `orderby` asc  [ RunTime:0.000297s ]
SQL: SHOW COLUMNS FROM `yanan_pc_function` [ RunTime:0.032594s ]
SQL: SELECT * FROM `yanan_pc_function` ORDER BY `orderby` asc  [ RunTime:0.000398s ]
NOTIC: [2048] Declaration of TemplateModel::fetchAll() should be compatible with that of CommonModel::fetchAll() D:\WWW_yannew\Baocms\Lib\Model\TemplateModel.class.php 第 36 行.
SQL: SHOW COLUMNS FROM `yanan_template` [ RunTime:0.024259s ]
SQL: SELECT * FROM `yanan_template`  [ RunTime:0.000265s ]
NOTIC: [8] Undefined variable: theme D:\WWW_yannew\Baocms\Lib\Action\Pchome\CommonAction.class.php 第 174 行.
SQL: SHOW COLUMNS FROM `yanan_template_setting` [ RunTime:0.019091s ]
SQL: SELECT * FROM `yanan_template_setting`  [ RunTime:0.000161s ]
NOTIC: [2] Invalid argument supplied for foreach() D:\WWW_yannew\Baocms\Lib\Model\CommonModel.class.php 第 55 行.
NOTIC: [8] Undefined offset: 0 D:\WWW_yannew\Baocms\Lib\Model\TemplatesettingModel.class.php 第 17 行.
SQL: SHOW COLUMNS FROM `yanan_keyword` [ RunTime:0.023916s ]
SQL: SELECT * FROM `yanan_keyword`  [ RunTime:0.000191s ]
NOTIC: [2] Invalid argument supplied for foreach() D:\WWW_yannew\Baocms\Lib\Model\CommonModel.class.php 第 55 行.
SQL: SHOW COLUMNS FROM `yanan_housework_setting` [ RunTime:0.025599s ]
SQL: SHOW COLUMNS FROM `yanan_housework` [ RunTime:0.030872s ]
SQL: SELECT * FROM `yanan_housework_setting`  [ RunTime:0.000159s ]
NOTIC: [2] Invalid argument supplied for foreach() D:\WWW_yannew\Baocms\Lib\Action\Pchome\IndexAction.class.php 第 29 行.
NOTIC: [2] Invalid argument supplied for foreach() D:\WWW_yannew\Baocms\Lib\Action\Pchome\IndexAction.class.php 第 29 行.
NOTIC: [2] Invalid argument supplied for foreach() D:\WWW_yannew\Baocms\Lib\Action\Pchome\IndexAction.class.php 第 29 行.
NOTIC: [2] Invalid argument supplied for foreach() D:\WWW_yannew\Baocms\Lib\Action\Pchome\IndexAction.class.php 第 29 行.
NOTIC: [2] Invalid argument supplied for foreach() D:\WWW_yannew\Baocms\Lib\Action\Pchome\IndexAction.class.php 第 29 行.
NOTIC: [2] Invalid argument supplied for foreach() D:\WWW_yannew\Baocms\Lib\Action\Pchome\IndexAction.class.php 第 29 行.
NOTIC: [2] Invalid argument supplied for foreach() D:\WWW_yannew\Baocms\Lib\Action\Pchome\IndexAction.class.php 第 29 行.
NOTIC: [2] Invalid argument supplied for foreach() D:\WWW_yannew\Baocms\Lib\Action\Pchome\IndexAction.class.php 第 29 行.
NOTIC: [2] Invalid argument supplied for foreach() D:\WWW_yannew\Baocms\Lib\Action\Pchome\IndexAction.class.php 第 29 行.
NOTIC: [2] Invalid argument supplied for foreach() D:\WWW_yannew\Baocms\Lib\Action\Pchome\IndexAction.class.php 第 29 行.
NOTIC: [2] Invalid argument supplied for foreach() D:\WWW_yannew\Baocms\Lib\Action\Pchome\IndexAction.class.php 第 29 行.
NOTIC: [2] Invalid argument supplied for foreach() D:\WWW_yannew\Baocms\Lib\Action\Pchome\IndexAction.class.php 第 29 行.
NOTIC: [2] Invalid argument supplied for foreach() D:\WWW_yannew\Baocms\Lib\Action\Pchome\IndexAction.class.php 第 29 行.
NOTIC: [2] Invalid argument supplied for foreach() D:\WWW_yannew\Baocms\Lib\Action\Pchome\IndexAction.class.php 第 29 行.
NOTIC: [2] Invalid argument supplied for foreach() D:\WWW_yannew\Baocms\Lib\Action\Pchome\IndexAction.class.php 第 29 行.
NOTIC: [2] Invalid argument supplied for foreach() D:\WWW_yannew\Baocms\Lib\Action\Pchome\IndexAction.class.php 第 29 行.
NOTIC: [2] Invalid argument supplied for foreach() D:\WWW_yannew\Baocms\Lib\Action\Pchome\IndexAction.class.php 第 29 行.
NOTIC: [2] Invalid argument supplied for foreach() D:\WWW_yannew\Baocms\Lib\Action\Pchome\IndexAction.class.php 第 29 行.
NOTIC: [2] Invalid argument supplied for foreach() D:\WWW_yannew\Baocms\Lib\Action\Pchome\IndexAction.class.php 第 29 行.
NOTIC: [2] Invalid argument supplied for foreach() D:\WWW_yannew\Baocms\Lib\Action\Pchome\IndexAction.class.php 第 29 行.
NOTIC: [2] Invalid argument supplied for foreach() D:\WWW_yannew\Baocms\Lib\Action\Pchome\IndexAction.class.php 第 29 行.
NOTIC: [2] Invalid argument supplied for foreach() D:\WWW_yannew\Baocms\Lib\Action\Pchome\IndexAction.class.php 第 29 行.
SQL: SHOW COLUMNS FROM `yanan_ele` [ RunTime:0.026075s ]
SQL: SHOW COLUMNS FROM `yanan_life_cate` [ RunTime:0.034926s ]
NOTIC: [2048] Declaration of SeoModel::fetchAll() should be compatible with that of CommonModel::fetchAll() D:\WWW_yannew\Baocms\Lib\Model\SeoModel.class.php 第 31 行.
SQL: SHOW COLUMNS FROM `yanan_seo` [ RunTime:0.033125s ]
SQL: SELECT * FROM `yanan_seo`  [ RunTime:0.000351s ]
NOTIC: [8] Constant THEME_NAME already defined D:\WWW_yannew\Baocms\Lib\Action\Pchome\CommonAction.class.php 第 152 行.
NOTIC: [8] Undefined variable: theme D:\WWW_yannew\Baocms\Lib\Action\Pchome\CommonAction.class.php 第 174 行.
NOTIC: [8] Constant THEME_PATH already defined D:\WWW_yannew\ThinkPHP\Lib\Core\View.class.php 第 154 行.
NOTIC: [8] Constant APP_TMPL_PATH already defined D:\WWW_yannew\ThinkPHP\Lib\Core\View.class.php 第 155 行.
INFO: [ view_parse ] --START--
NOTIC: [2] Missing argument 2 for TagLib::parseXmlAttr(), called in D:\WWW_yannew\Baocms\Lib\TagLib\TagLibCalldata.class.php on line 74 and defined D:\WWW_yannew\ThinkPHP\Lib\Template\TagLib.class.php 第 80 行.
NOTIC: [8] Undefined variable: tag D:\WWW_yannew\ThinkPHP\Lib\Template\TagLib.class.php 第 91 行.
NOTIC: [8] Undefined index:  D:\WWW_yannew\ThinkPHP\Lib\Template\TagLib.class.php 第 91 行.
NOTIC: [8] Undefined variable: tag D:\WWW_yannew\ThinkPHP\Lib\Template\TagLib.class.php 第 92 行.
NOTIC: [8] Undefined index: format D:\WWW_yannew\Baocms\Lib\TagLib\TagLibCalldata.class.php 第 82 行.
NOTIC: [8] Undefined index: debug D:\WWW_yannew\Baocms\Lib\TagLib\TagLibCalldata.class.php 第 83 行.
NOTIC: [8] Undefined variable: items D:\WWW_yannew\Baocms\Lib\TagLib\TagLibCalldata.class.php 第 107 行.
NOTIC: [2] Invalid argument supplied for foreach() D:\WWW_yannew\Baocms\Lib\TagLib\TagLibCalldata.class.php 第 107 行.
NOTIC: [2] Missing argument 2 for TagLib::parseXmlAttr(), called in D:\WWW_yannew\Baocms\Lib\TagLib\TagLibCalldata.class.php on line 74 and defined D:\WWW_yannew\ThinkPHP\Lib\Template\TagLib.class.php 第 80 行.
NOTIC: [8] Undefined variable: tag D:\WWW_yannew\ThinkPHP\Lib\Template\TagLib.class.php 第 91 行.
NOTIC: [8] Undefined index:  D:\WWW_yannew\ThinkPHP\Lib\Template\TagLib.class.php 第 91 行.
NOTIC: [8] Undefined variable: tag D:\WWW_yannew\ThinkPHP\Lib\Template\TagLib.class.php 第 92 行.
NOTIC: [8] Undefined index: format D:\WWW_yannew\Baocms\Lib\TagLib\TagLibCalldata.class.php 第 82 行.
NOTIC: [8] Undefined index: debug D:\WWW_yannew\Baocms\Lib\TagLib\TagLibCalldata.class.php 第 83 行.
NOTIC: [8] Undefined variable: items D:\WWW_yannew\Baocms\Lib\TagLib\TagLibCalldata.class.php 第 107 行.
NOTIC: [2] Invalid argument supplied for foreach() D:\WWW_yannew\Baocms\Lib\TagLib\TagLibCalldata.class.php 第 107 行.
NOTIC: [2] Missing argument 2 for TagLib::parseXmlAttr(), called in D:\WWW_yannew\Baocms\Lib\TagLib\TagLibCalldata.class.php on line 74 and defined D:\WWW_yannew\ThinkPHP\Lib\Template\TagLib.class.php 第 80 行.
NOTIC: [8] Undefined variable: tag D:\WWW_yannew\ThinkPHP\Lib\Template\TagLib.class.php 第 91 行.
NOTIC: [8] Undefined index:  D:\WWW_yannew\ThinkPHP\Lib\Template\TagLib.class.php 第 91 行.
NOTIC: [8] Undefined variable: tag D:\WWW_yannew\ThinkPHP\Lib\Template\TagLib.class.php 第 92 行.
NOTIC: [8] Undefined index: format D:\WWW_yannew\Baocms\Lib\TagLib\TagLibCalldata.class.php 第 82 行.
NOTIC: [8] Undefined index: debug D:\WWW_yannew\Baocms\Lib\TagLib\TagLibCalldata.class.php 第 83 行.
NOTIC: [8] Undefined variable: items D:\WWW_yannew\Baocms\Lib\TagLib\TagLibCalldata.class.php 第 107 行.
NOTIC: [2] Invalid argument supplied for foreach() D:\WWW_yannew\Baocms\Lib\TagLib\TagLibCalldata.class.php 第 107 行.
NOTIC: [2] Missing argument 2 for TagLib::parseXmlAttr(), called in D:\WWW_yannew\Baocms\Lib\TagLib\TagLibCalldata.class.php on line 74 and defined D:\WWW_yannew\ThinkPHP\Lib\Template\TagLib.class.php 第 80 行.
NOTIC: [8] Undefined variable: tag D:\WWW_yannew\ThinkPHP\Lib\Template\TagLib.class.php 第 91 行.
NOTIC: [8] Undefined index:  D:\WWW_yannew\ThinkPHP\Lib\Template\TagLib.class.php 第 91 行.
NOTIC: [8] Undefined variable: tag D:\WWW_yannew\ThinkPHP\Lib\Template\TagLib.class.php 第 92 行.
NOTIC: [8] Undefined index: format D:\WWW_yannew\Baocms\Lib\TagLib\TagLibCalldata.class.php 第 82 行.
NOTIC: [8] Undefined index: debug D:\WWW_yannew\Baocms\Lib\TagLib\TagLibCalldata.class.php 第 83 行.
NOTIC: [8] Undefined variable: items D:\WWW_yannew\Baocms\Lib\TagLib\TagLibCalldata.class.php 第 107 行.
NOTIC: [2] Invalid argument supplied for foreach() D:\WWW_yannew\Baocms\Lib\TagLib\TagLibCalldata.class.php 第 107 行.
NOTIC: [2] Missing argument 2 for TagLib::parseXmlAttr(), called in D:\WWW_yannew\Baocms\Lib\TagLib\TagLibCalldata.class.php on line 74 and defined D:\WWW_yannew\ThinkPHP\Lib\Template\TagLib.class.php 第 80 行.
NOTIC: [8] Undefined variable: tag D:\WWW_yannew\ThinkPHP\Lib\Template\TagLib.class.php 第 91 行.
NOTIC: [8] Undefined index:  D:\WWW_yannew\ThinkPHP\Lib\Template\TagLib.class.php 第 91 行.
NOTIC: [8] Undefined variable: tag D:\WWW_yannew\ThinkPHP\Lib\Template\TagLib.class.php 第 92 行.
NOTIC: [8] Undefined index: format D:\WWW_yannew\Baocms\Lib\TagLib\TagLibCalldata.class.php 第 82 行.
NOTIC: [8] Undefined index: debug D:\WWW_yannew\Baocms\Lib\TagLib\TagLibCalldata.class.php 第 83 行.
NOTIC: [8] Undefined variable: items D:\WWW_yannew\Baocms\Lib\TagLib\TagLibCalldata.class.php 第 107 行.
NOTIC: [2] Invalid argument supplied for foreach() D:\WWW_yannew\Baocms\Lib\TagLib\TagLibCalldata.class.php 第 107 行.
NOTIC: [2] Missing argument 2 for TagLib::parseXmlAttr(), called in D:\WWW_yannew\Baocms\Lib\TagLib\TagLibCalldata.class.php on line 74 and defined D:\WWW_yannew\ThinkPHP\Lib\Template\TagLib.class.php 第 80 行.
NOTIC: [8] Undefined variable: tag D:\WWW_yannew\ThinkPHP\Lib\Template\TagLib.class.php 第 91 行.
NOTIC: [8] Undefined index:  D:\WWW_yannew\ThinkPHP\Lib\Template\TagLib.class.php 第 91 行.
NOTIC: [8] Undefined variable: tag D:\WWW_yannew\ThinkPHP\Lib\Template\TagLib.class.php 第 92 行.
NOTIC: [8] Undefined index: format D:\WWW_yannew\Baocms\Lib\TagLib\TagLibCalldata.class.php 第 82 行.
NOTIC: [8] Undefined index: debug D:\WWW_yannew\Baocms\Lib\TagLib\TagLibCalldata.class.php 第 83 行.
NOTIC: [8] Undefined variable: items D:\WWW_yannew\Baocms\Lib\TagLib\TagLibCalldata.class.php 第 107 行.
NOTIC: [2] Invalid argument supplied for foreach() D:\WWW_yannew\Baocms\Lib\TagLib\TagLibCalldata.class.php 第 107 行.
NOTIC: [2] Missing argument 2 for TagLib::parseXmlAttr(), called in D:\WWW_yannew\Baocms\Lib\TagLib\TagLibCalldata.class.php on line 74 and defined D:\WWW_yannew\ThinkPHP\Lib\Template\TagLib.class.php 第 80 行.
NOTIC: [8] Undefined variable: tag D:\WWW_yannew\ThinkPHP\Lib\Template\TagLib.class.php 第 91 行.
NOTIC: [8] Undefined index:  D:\WWW_yannew\ThinkPHP\Lib\Template\TagLib.class.php 第 91 行.
NOTIC: [8] Undefined variable: tag D:\WWW_yannew\ThinkPHP\Lib\Template\TagLib.class.php 第 92 行.
NOTIC: [8] Undefined index: format D:\WWW_yannew\Baocms\Lib\TagLib\TagLibCalldata.class.php 第 82 行.
NOTIC: [8] Undefined index: debug D:\WWW_yannew\Baocms\Lib\TagLib\TagLibCalldata.class.php 第 83 行.
NOTIC: [8] Undefined variable: items D:\WWW_yannew\Baocms\Lib\TagLib\TagLibCalldata.class.php 第 107 行.
NOTIC: [2] Invalid argument supplied for foreach() D:\WWW_yannew\Baocms\Lib\TagLib\TagLibCalldata.class.php 第 107 行.
NOTIC: [2] Missing argument 2 for TagLib::parseXmlAttr(), called in D:\WWW_yannew\Baocms\Lib\TagLib\TagLibCalldata.class.php on line 74 and defined D:\WWW_yannew\ThinkPHP\Lib\Template\TagLib.class.php 第 80 行.
NOTIC: [8] Undefined variable: tag D:\WWW_yannew\ThinkPHP\Lib\Template\TagLib.class.php 第 91 行.
NOTIC: [8] Undefined index:  D:\WWW_yannew\ThinkPHP\Lib\Template\TagLib.class.php 第 91 行.
NOTIC: [8] Undefined variable: tag D:\WWW_yannew\ThinkPHP\Lib\Template\TagLib.class.php 第 92 行.
NOTIC: [8] Undefined index: debug D:\WWW_yannew\Baocms\Lib\TagLib\TagLibCalldata.class.php 第 83 行.
NOTIC: [8] Undefined variable: items D:\WWW_yannew\Baocms\Lib\TagLib\TagLibCalldata.class.php 第 107 行.
NOTIC: [2] Invalid argument supplied for foreach() D:\WWW_yannew\Baocms\Lib\TagLib\TagLibCalldata.class.php 第 107 行.
NOTIC: [2] Missing argument 2 for TagLib::parseXmlAttr(), called in D:\WWW_yannew\Baocms\Lib\TagLib\TagLibCalldata.class.php on line 74 and defined D:\WWW_yannew\ThinkPHP\Lib\Template\TagLib.class.php 第 80 行.
NOTIC: [8] Undefined variable: tag D:\WWW_yannew\ThinkPHP\Lib\Template\TagLib.class.php 第 91 行.
NOTIC: [8] Undefined index:  D:\WWW_yannew\ThinkPHP\Lib\Template\TagLib.class.php 第 91 行.
NOTIC: [8] Undefined variable: tag D:\WWW_yannew\ThinkPHP\Lib\Template\TagLib.class.php 第 92 行.
NOTIC: [8] Undefined index: debug D:\WWW_yannew\Baocms\Lib\TagLib\TagLibCalldata.class.php 第 83 行.
NOTIC: [8] Undefined variable: items D:\WWW_yannew\Baocms\Lib\TagLib\TagLibCalldata.class.php 第 107 行.
NOTIC: [2] Invalid argument supplied for foreach() D:\WWW_yannew\Baocms\Lib\TagLib\TagLibCalldata.class.php 第 107 行.
NOTIC: [2] Missing argument 2 for TagLib::parseXmlAttr(), called in D:\WWW_yannew\Baocms\Lib\TagLib\TagLibCalldata.class.php on line 74 and defined D:\WWW_yannew\ThinkPHP\Lib\Template\TagLib.class.php 第 80 行.
NOTIC: [8] Undefined variable: tag D:\WWW_yannew\ThinkPHP\Lib\Template\TagLib.class.php 第 91 行.
NOTIC: [8] Undefined index:  D:\WWW_yannew\ThinkPHP\Lib\Template\TagLib.class.php 第 91 行.
NOTIC: [8] Undefined variable: tag D:\WWW_yannew\ThinkPHP\Lib\Template\TagLib.class.php 第 92 行.
NOTIC: [8] Undefined index: format D:\WWW_yannew\Baocms\Lib\TagLib\TagLibCalldata.class.php 第 82 行.
NOTIC: [8] Undefined index: debug D:\WWW_yannew\Baocms\Lib\TagLib\TagLibCalldata.class.php 第 83 行.
NOTIC: [8] Undefined variable: items D:\WWW_yannew\Baocms\Lib\TagLib\TagLibCalldata.class.php 第 107 行.
NOTIC: [2] Invalid argument supplied for foreach() D:\WWW_yannew\Baocms\Lib\TagLib\TagLibCalldata.class.php 第 107 行.
NOTIC: [2] Missing argument 2 for TagLib::parseXmlAttr(), called in D:\WWW_yannew\Baocms\Lib\TagLib\TagLibCalldata.class.php on line 74 and defined D:\WWW_yannew\ThinkPHP\Lib\Template\TagLib.class.php 第 80 行.
NOTIC: [8] Undefined variable: tag D:\WWW_yannew\ThinkPHP\Lib\Template\TagLib.class.php 第 91 行.
NOTIC: [8] Undefined index:  D:\WWW_yannew\ThinkPHP\Lib\Template\TagLib.class.php 第 91 行.
NOTIC: [8] Undefined variable: tag D:\WWW_yannew\ThinkPHP\Lib\Template\TagLib.class.php 第 92 行.
NOTIC: [8] Undefined index: format D:\WWW_yannew\Baocms\Lib\TagLib\TagLibCalldata.class.php 第 82 行.
NOTIC: [8] Undefined index: debug D:\WWW_yannew\Baocms\Lib\TagLib\TagLibCalldata.class.php 第 83 行.
NOTIC: [8] Undefined variable: items D:\WWW_yannew\Baocms\Lib\TagLib\TagLibCalldata.class.php 第 107 行.
NOTIC: [2] Invalid argument supplied for foreach() D:\WWW_yannew\Baocms\Lib\TagLib\TagLibCalldata.class.php 第 107 行.
NOTIC: [2] Missing argument 2 for TagLib::parseXmlAttr(), called in D:\WWW_yannew\Baocms\Lib\TagLib\TagLibCalldata.class.php on line 74 and defined D:\WWW_yannew\ThinkPHP\Lib\Template\TagLib.class.php 第 80 行.
NOTIC: [8] Undefined variable: tag D:\WWW_yannew\ThinkPHP\Lib\Template\TagLib.class.php 第 91 行.
NOTIC: [8] Undefined index:  D:\WWW_yannew\ThinkPHP\Lib\Template\TagLib.class.php 第 91 行.
NOTIC: [8] Undefined variable: tag D:\WWW_yannew\ThinkPHP\Lib\Template\TagLib.class.php 第 92 行.
NOTIC: [8] Undefined index: format D:\WWW_yannew\Baocms\Lib\TagLib\TagLibCalldata.class.php 第 82 行.
NOTIC: [8] Undefined index: debug D:\WWW_yannew\Baocms\Lib\TagLib\TagLibCalldata.class.php 第 83 行.
NOTIC: [8] Undefined variable: items D:\WWW_yannew\Baocms\Lib\TagLib\TagLibCalldata.class.php 第 107 行.
NOTIC: [2] Invalid argument supplied for foreach() D:\WWW_yannew\Baocms\Lib\TagLib\TagLibCalldata.class.php 第 107 行.
NOTIC: [2] Missing argument 2 for TagLib::parseXmlAttr(), called in D:\WWW_yannew\Baocms\Lib\TagLib\TagLibCalldata.class.php on line 74 and defined D:\WWW_yannew\ThinkPHP\Lib\Template\TagLib.class.php 第 80 行.
NOTIC: [8] Undefined variable: tag D:\WWW_yannew\ThinkPHP\Lib\Template\TagLib.class.php 第 91 行.
NOTIC: [8] Undefined index:  D:\WWW_yannew\ThinkPHP\Lib\Template\TagLib.class.php 第 91 行.
NOTIC: [8] Undefined variable: tag D:\WWW_yannew\ThinkPHP\Lib\Template\TagLib.class.php 第 92 行.
NOTIC: [8] Undefined index: format D:\WWW_yannew\Baocms\Lib\TagLib\TagLibCalldata.class.php 第 82 行.
NOTIC: [8] Undefined index: debug D:\WWW_yannew\Baocms\Lib\TagLib\TagLibCalldata.class.php 第 83 行.
NOTIC: [8] Undefined variable: items D:\WWW_yannew\Baocms\Lib\TagLib\TagLibCalldata.class.php 第 107 行.
NOTIC: [2] Invalid argument supplied for foreach() D:\WWW_yannew\Baocms\Lib\TagLib\TagLibCalldata.class.php 第 107 行.
NOTIC: [2] Missing argument 2 for TagLib::parseXmlAttr(), called in D:\WWW_yannew\Baocms\Lib\TagLib\TagLibCalldata.class.php on line 74 and defined D:\WWW_yannew\ThinkPHP\Lib\Template\TagLib.class.php 第 80 行.
NOTIC: [8] Undefined variable: tag D:\WWW_yannew\ThinkPHP\Lib\Template\TagLib.class.php 第 91 行.
NOTIC: [8] Undefined index:  D:\WWW_yannew\ThinkPHP\Lib\Template\TagLib.class.php 第 91 行.
NOTIC: [8] Undefined variable: tag D:\WWW_yannew\ThinkPHP\Lib\Template\TagLib.class.php 第 92 行.
NOTIC: [8] Undefined index: format D:\WWW_yannew\Baocms\Lib\TagLib\TagLibCalldata.class.php 第 82 行.
NOTIC: [8] Undefined index: debug D:\WWW_yannew\Baocms\Lib\TagLib\TagLibCalldata.class.php 第 83 行.
NOTIC: [8] Undefined variable: items D:\WWW_yannew\Baocms\Lib\TagLib\TagLibCalldata.class.php 第 107 行.
NOTIC: [2] Invalid argument supplied for foreach() D:\WWW_yannew\Baocms\Lib\TagLib\TagLibCalldata.class.php 第 107 行.
NOTIC: [2] Missing argument 2 for TagLib::parseXmlAttr(), called in D:\WWW_yannew\Baocms\Lib\TagLib\TagLibCalldata.class.php on line 74 and defined D:\WWW_yannew\ThinkPHP\Lib\Template\TagLib.class.php 第 80 行.
NOTIC: [8] Undefined variable: tag D:\WWW_yannew\ThinkPHP\Lib\Template\TagLib.class.php 第 91 行.
NOTIC: [8] Undefined index:  D:\WWW_yannew\ThinkPHP\Lib\Template\TagLib.class.php 第 91 行.
NOTIC: [8] Undefined variable: tag D:\WWW_yannew\ThinkPHP\Lib\Template\TagLib.class.php 第 92 行.
NOTIC: [8] Undefined index: format D:\WWW_yannew\Baocms\Lib\TagLib\TagLibCalldata.class.php 第 82 行.
NOTIC: [8] Undefined index: debug D:\WWW_yannew\Baocms\Lib\TagLib\TagLibCalldata.class.php 第 83 行.
NOTIC: [8] Undefined variable: items D:\WWW_yannew\Baocms\Lib\TagLib\TagLibCalldata.class.php 第 107 行.
NOTIC: [2] Invalid argument supplied for foreach() D:\WWW_yannew\Baocms\Lib\TagLib\TagLibCalldata.class.php 第 107 行.
NOTIC: [8] Undefined variable: config D:\WWW_yannew\Baocms\Runtime\Cache\Pchome\01dfbfe19c56d3f7c3374b803e3d748e.php 第 6 行.
NOTIC: [2] array_reverse() expects parameter 1 to be array, boolean given D:\WWW_yannew\Baocms\Runtime\Cache\Pchome\01dfbfe19c56d3f7c3374b803e3d748e.php 第 50 行.
NOTIC: [8] Undefined variable: keyword D:\WWW_yannew\Baocms\Runtime\Cache\Pchome\01dfbfe19c56d3f7c3374b803e3d748e.php 第 142 行.
SQL: SELECT * FROM `yanan_keyword` ORDER BY key_id desc LIMIT 0,8   [ RunTime:0.000266s ]
NOTIC: [2] Invalid argument supplied for foreach() D:\WWW_yannew\Baocms\Runtime\Cache\Pchome\01dfbfe19c56d3f7c3374b803e3d748e.php 第 154 行.
NOTIC: [8] Undefined variable: cartnum D:\WWW_yannew\Baocms\Runtime\Cache\Pchome\01dfbfe19c56d3f7c3374b803e3d748e.php 第 163 行.
SQL: SHOW COLUMNS FROM `yanan_ad` [ RunTime:0.030971s ]
SQL: SELECT * FROM `yanan_ad` WHERE (  closed=0 AND site_id=1 AND  city_id IN (0,5) and bg_date <= '2016-12-02' AND end_date >= '2016-12-02'  ) ORDER BY orderby asc LIMIT 0,5   [ RunTime:0.000554s ]
SQL: SHOW COLUMNS FROM `yanan_tuan` [ RunTime:0.026956s ]
SQL: SELECT * FROM `yanan_tuan` WHERE ( audit = 1 AND closed=0 AND city_id=5  ) ORDER BY orderby asc,sold_num desc LIMIT 0,25   [ RunTime:0.000241s ]
NOTIC: [2] Invalid argument supplied for foreach() D:\WWW_yannew\Baocms\Runtime\Cache\Pchome\01dfbfe19c56d3f7c3374b803e3d748e.php 第 386 行.
SQL: SELECT * FROM `yanan_ad` WHERE (  closed=0 AND site_id=46 AND city_id IN (0,5)  and bg_date <= '2016-12-02' AND end_date >= '2016-12-02'  ) ORDER BY orderby asc LIMIT 0,1   [ RunTime:0.000284s ]
NOTIC: [2] Invalid argument supplied for foreach() D:\WWW_yannew\Baocms\Runtime\Cache\Pchome\01dfbfe19c56d3f7c3374b803e3d748e.php 第 436 行.
SQL: SHOW COLUMNS FROM `yanan_goods` [ RunTime:0.034520s ]
SQL: SELECT * FROM `yanan_goods` WHERE ( audit =1 AND closed=0 AND city_id = 5 ) ORDER BY orderby asc,sold_num desc LIMIT 0,8   [ RunTime:0.000357s ]
NOTIC: [2] Invalid argument supplied for foreach() D:\WWW_yannew\Baocms\Runtime\Cache\Pchome\01dfbfe19c56d3f7c3374b803e3d748e.php 第 439 行.
NOTIC: [8] Undefined variable: linkArr D:\WWW_yannew\Baocms\Runtime\Cache\Pchome\01dfbfe19c56d3f7c3374b803e3d748e.php 第 460 行.
NOTIC: [2] array_merge() [<a href='function.array-merge'>function.array-merge</a>]: Argument #1 is not an array D:\WWW_yannew\Baocms\Common\common.php 第 796 行.
NOTIC: [2] Invalid argument supplied for foreach() D:\WWW_yannew\Baocms\Common\common.php 第 798 行.
SQL: SELECT * FROM `yanan_ad` WHERE (  closed=0 AND site_id=47 AND city_id IN (0,5)  and bg_date <= '2016-12-02' AND end_date >= '2016-12-02'  ) ORDER BY orderby asc LIMIT 0,1   [ RunTime:0.000360s ]
NOTIC: [2] Invalid argument supplied for foreach() D:\WWW_yannew\Baocms\Runtime\Cache\Pchome\01dfbfe19c56d3f7c3374b803e3d748e.php 第 464 行.
SQL: SELECT * FROM `yanan_ad` WHERE (  closed=0 AND site_id=48 AND city_id IN (0,5)  and bg_date <= '2016-12-02' AND end_date >= '2016-12-02'  ) ORDER BY orderby asc LIMIT 0,3   [ RunTime:0.000331s ]
NOTIC: [2] Invalid argument supplied for foreach() D:\WWW_yannew\Baocms\Runtime\Cache\Pchome\01dfbfe19c56d3f7c3374b803e3d748e.php 第 469 行.
SQL: SELECT * FROM `yanan_ele` WHERE ( audit = 1 AND city_id=5  ) ORDER BY orderby asc,sold_num desc LIMIT 0,2   [ RunTime:0.000234s ]
SQL: SELECT * FROM `yanan_ele` WHERE ( audit = 1 AND city_id=5  ) ORDER BY orderby asc,sold_num desc LIMIT 2,5   [ RunTime:0.000317s ]
SQL: SHOW COLUMNS FROM `yanan_coupon` [ RunTime:0.031782s ]
SQL: SELECT * FROM `yanan_coupon` WHERE ( audit=1 AND closed=0 AND city_id=5 ) ORDER BY downloads desc,views desc LIMIT 0,5   [ RunTime:0.000207s ]
NOTIC: [2] Invalid argument supplied for foreach() D:\WWW_yannew\Baocms\Runtime\Cache\Pchome\01dfbfe19c56d3f7c3374b803e3d748e.php 第 520 行.
SQL: SHOW COLUMNS FROM `yanan_shop` [ RunTime:0.028177s ]
SQL: SELECT * FROM `yanan_shop` WHERE ( is_ding=1 AND audit=1 AND closed=0 AND  city_id=5 ) ORDER BY orderby asc,score desc LIMIT 0,4   [ RunTime:0.000352s ]
NOTIC: [2] Invalid argument supplied for foreach() D:\WWW_yannew\Baocms\Runtime\Cache\Pchome\01dfbfe19c56d3f7c3374b803e3d748e.php 第 540 行.
SQL: SHOW COLUMNS FROM `yanan_shop_ding_setting` [ RunTime:0.021570s ]
SQL: SHOW COLUMNS FROM `yanan_shop_ding_room` [ RunTime:0.026355s ]
SQL: SELECT * FROM `yanan_shop` WHERE ( is_ding=1 AND audit=1 AND closed=0 AND  city_id=5 ) ORDER BY view desc LIMIT 0,3   [ RunTime:0.000326s ]
NOTIC: [2] Invalid argument supplied for foreach() D:\WWW_yannew\Baocms\Runtime\Cache\Pchome\01dfbfe19c56d3f7c3374b803e3d748e.php 第 584 行.
SQL: SELECT * FROM `yanan_ad` WHERE (  closed=0 AND site_id=2 AND  city_id IN (0,5) and bg_date <= '2016-12-02' AND end_date >= '2016-12-02'  ) ORDER BY orderby asc LIMIT 0,1   [ RunTime:0.000302s ]
NOTIC: [2] Invalid argument supplied for foreach() D:\WWW_yannew\Baocms\Runtime\Cache\Pchome\01dfbfe19c56d3f7c3374b803e3d748e.php 第 596 行.
SQL: SHOW COLUMNS FROM `yanan_activity` [ RunTime:0.048139s ]
SQL: SELECT * FROM `yanan_activity` WHERE ( audit=1 AND closed=0 AND city_id=5 ) ORDER BY activity_id desc LIMIT 0,4   [ RunTime:0.000221s ]
NOTIC: [2] Invalid argument supplied for foreach() D:\WWW_yannew\Baocms\Runtime\Cache\Pchome\01dfbfe19c56d3f7c3374b803e3d748e.php 第 719 行.
NOTIC: [8] Use of undefined constant index - assumed 'index' D:\WWW_yannew\Baocms\Runtime\Cache\Pchome\01dfbfe19c56d3f7c3374b803e3d748e.php 第 834 行.
SQL: SHOW COLUMNS FROM `yanan_links` [ RunTime:0.040468s ]
SQL: SELECT * FROM `yanan_links` ORDER BY orderby asc LIMIT 0,10   [ RunTime:0.000214s ]
NOTIC: [8] Undefined variable: height_num D:\WWW_yannew\Baocms\Runtime\Cache\Pchome\01dfbfe19c56d3f7c3374b803e3d748e.php 第 916 行.
INFO: ParseTemplate Behavior ::run [ RunTime:1.186992s ]
INFO: [ view_parse ] --END-- [ RunTime:1.187084s ]
INFO: [ view_filter ] --START--
INFO: ContentReplace Behavior ::run [ RunTime:0.011620s ]
INFO: TokenBuild Behavior ::run [ RunTime:0.011843s ]
INFO: WriteHtmlCache Behavior ::run [ RunTime:0.011906s ]
INFO: ShowRuntime Behavior ::run [ RunTime:0.013755s ]
INFO: [ view_filter ] --END-- [ RunTime:0.049413s ]
INFO: [ view_end ] --START--
INFO: ShowPageTrace Behavior ::run [ RunTime:0.013442s ]
INFO: [ view_end ] --END-- [ RunTime:0.013553s ]

[ 2016-12-02T20:37:16+08:00 ] 0.0.0.0 /bbs/mobile
INFO: [ route_check ] --START--
INFO: CheckRoute Behavior ::run [ RunTime:0.018530s ]
INFO: [ route_check ] --END-- [ RunTime:0.018628s ]
INFO: [ app_begin ] --START--
INFO: ReadHtmlCache Behavior ::run [ RunTime:0.001087s ]
INFO: [ app_begin ] --END-- [ RunTime:0.001256s ]
NOTIC: [2048] Declaration of SettingModel::fetchAll() should be compatible with that of CommonModel::fetchAll() D:\WWW_yannew\Baocms\Lib\Model\SettingModel.class.php 第 10 行.
NOTIC: [2048] Declaration of SettingModel::save() should be compatible with that of Model::save() D:\WWW_yannew\Baocms\Lib\Model\SettingModel.class.php 第 10 行.
SQL: SHOW COLUMNS FROM `yanan_setting` [ RunTime:0.015675s ]
SQL: SHOW COLUMNS FROM `yanan_city` [ RunTime:0.016155s ]
NOTIC: [8] Undefined variable: str D:\WWW_yannew\ThinkPHP\Extend\Library\ORG\Crypt\Base64.class.php 第 69 行.
NOTIC: 建议使用I方法替代_get
SQL: SHOW COLUMNS FROM `yanan_shop_cate` [ RunTime:0.014199s ]
SQL: SHOW COLUMNS FROM `yanan_tuan_cate` [ RunTime:0.019154s ]
SQL: SHOW COLUMNS FROM `yanan_area` [ RunTime:0.016551s ]
SQL: SHOW COLUMNS FROM `yanan_business` [ RunTime:0.010517s ]
SQL: SHOW COLUMNS FROM `yanan_pc_function` [ RunTime:0.013754s ]
NOTIC: [2048] Declaration of TemplateModel::fetchAll() should be compatible with that of CommonModel::fetchAll() D:\WWW_yannew\Baocms\Lib\Model\TemplateModel.class.php 第 36 行.
SQL: SHOW COLUMNS FROM `yanan_template` [ RunTime:0.016282s ]
NOTIC: [8] Undefined variable: theme D:\WWW_yannew\Baocms\Lib\Action\Pchome\CommonAction.class.php 第 174 行.
SQL: SHOW COLUMNS FROM `yanan_template_setting` [ RunTime:0.010860s ]
SQL: SELECT * FROM `yanan_template_setting`  [ RunTime:0.000152s ]
NOTIC: [2] Invalid argument supplied for foreach() D:\WWW_yannew\Baocms\Lib\Model\CommonModel.class.php 第 55 行.
NOTIC: [8] Undefined offset: 0 D:\WWW_yannew\Baocms\Lib\Model\TemplatesettingModel.class.php 第 17 行.
NOTIC: [8] Constant THEME_NAME already defined D:\WWW_yannew\ThinkPHP\Lib\Core\View.class.php 第 223 行.
ERR: 非法操作:mobile

[ 2016-12-02T21:00:02+08:00 ] 0.0.0.0 /bbs/a
INFO: [ route_check ] --START--
INFO: CheckRoute Behavior ::run [ RunTime:0.001518s ]
INFO: [ route_check ] --END-- [ RunTime:0.001636s ]
INFO: [ app_begin ] --START--
INFO: ReadHtmlCache Behavior ::run [ RunTime:0.001163s ]
INFO: [ app_begin ] --END-- [ RunTime:0.001374s ]
NOTIC: [2048] Declaration of SettingModel::fetchAll() should be compatible with that of CommonModel::fetchAll() D:\WWW_yannew\Baocms\Lib\Model\SettingModel.class.php 第 10 行.
NOTIC: [2048] Declaration of SettingModel::save() should be compatible with that of Model::save() D:\WWW_yannew\Baocms\Lib\Model\SettingModel.class.php 第 10 行.
SQL: SHOW COLUMNS FROM `yanan_setting` [ RunTime:0.024890s ]
SQL: SHOW COLUMNS FROM `yanan_city` [ RunTime:0.027086s ]
NOTIC: [8] Undefined variable: str D:\WWW_yannew\ThinkPHP\Extend\Library\ORG\Crypt\Base64.class.php 第 69 行.
NOTIC: 建议使用I方法替代_get
SQL: SHOW COLUMNS FROM `yanan_shop_cate` [ RunTime:0.017644s ]
SQL: SHOW COLUMNS FROM `yanan_tuan_cate` [ RunTime:0.026870s ]
SQL: SHOW COLUMNS FROM `yanan_area` [ RunTime:0.017129s ]
SQL: SHOW COLUMNS FROM `yanan_business` [ RunTime:0.017011s ]
SQL: SHOW COLUMNS FROM `yanan_pc_function` [ RunTime:0.023349s ]
NOTIC: [2048] Declaration of TemplateModel::fetchAll() should be compatible with that of CommonModel::fetchAll() D:\WWW_yannew\Baocms\Lib\Model\TemplateModel.class.php 第 36 行.
SQL: SHOW COLUMNS FROM `yanan_template` [ RunTime:0.019833s ]
SQL: SHOW COLUMNS FROM `yanan_template_setting` [ RunTime:0.013629s ]
SQL: SELECT * FROM `yanan_template_setting`  [ RunTime:0.000183s ]
NOTIC: [2] Invalid argument supplied for foreach() D:\WWW_yannew\Baocms\Lib\Model\CommonModel.class.php 第 55 行.
NOTIC: [8] Undefined offset: 0 D:\WWW_yannew\Baocms\Lib\Model\TemplatesettingModel.class.php 第 17 行.
NOTIC: [8] Constant THEME_NAME already defined D:\WWW_yannew\ThinkPHP\Lib\Core\View.class.php 第 223 行.
ERR: 非法操作:a

